2015-03-24 16:14:58.372 HelloCordova[4736:249913] DiskCookieStorage changing policy from 2 to 0, cookie file: file:///Users/macbookpro/Library/Developer/CoreSimulator/Devices/3704C499-9F63-410B-ABFD-5C42A2358D70/data/Containers/Data/Application/E44707DB-1707-4074-BE2D-B8FEF7AF9A6D/Library/Cookies/Cookies.binarycookies
2015-03-24 16:14:58.818 HelloCordova[4736:249913] Apache Cordova native platform version 3.8.0 is starting.
2015-03-24 16:14:58.818 HelloCordova[4736:249913] Multi-tasking -> Device: YES, App: YES
2015-03-24 16:14:58.832 HelloCordova[4736:249913] Unlimited access to network resources
2015-03-24 16:14:58.849 HelloCordova[4736:249913] 

Started backup to iCloud! Please be careful.
Your application might be rejected by Apple if you store too much data.
For more information please read "iOS Data Storage Guidelines" at:
https://developer.apple.com/icloud/documentation/data-storage/
To disable web storage backup to iCloud, set the BackupWebStorage preference to "local" in the Cordova config.xml file

2015-03-24 16:14:59.608 HelloCordova[4736:249913] Resetting plugins due to page load.
2015-03-24 16:15:01.108 HelloCordova[4736:249913] Finished load of: file:///Users/macbookpro/Library/Developer/CoreSimulator/Devices/3704C499-9F63-410B-ABFD-5C42A2358D70/data/Containers/Bundle/Application/68CD2173-4E52-4FD9-A4C3-0EAE19435109/HelloCordova.app/www/index.html
2015-03-24 20:08:34.749 HelloCordova[11423:319178] DiskCookieStorage changing policy from 2 to 0, cookie file: file:///Users/macbookpro/Library/Developer/CoreSimulator/Devices/3704C499-9F63-410B-ABFD-5C42A2358D70/data/Containers/Data/Application/BF1D9D84-197C-4123-A3CD-91A982E155AB/Library/Cookies/Cookies.binarycookies
2015-03-24 20:08:35.935 HelloCordova[11423:319178] Apache Cordova native platform version 3.8.0 is starting.
2015-03-24 20:08:35.935 HelloCordova[11423:319178] Multi-tasking -> Device: YES, App: YES
2015-03-24 20:08:35.972 HelloCordova[11423:319178] Unlimited access to network resources
2015-03-24 20:08:35.996 HelloCordova[11423:319178] 

Started backup to iCloud! Please be careful.
Your application might be rejected by Apple if you store too much data.
For more information please read "iOS Data Storage Guidelines" at:
https://developer.apple.com/icloud/documentation/data-storage/
To disable web storage backup to iCloud, set the BackupWebStorage preference to "local" in the Cordova config.xml file

2015-03-24 20:08:38.968 HelloCordova[11423:319178] Resetting plugins due to page load.
2015-03-24 20:08:40.175 HelloCordova[11423:319178] Finished load of: file:///Users/macbookpro/Library/Developer/CoreSimulator/Devices/3704C499-9F63-410B-ABFD-5C42A2358D70/data/Containers/Bundle/Application/E0FE281F-E678-441E-8B79-18694ABE3686/HelloCordova.app/www/index.html
2015-03-25 12:15:13.691 HelloCordova[11423:473205] Communications error: <OS_xpc_error: <error: 0x2d155f4> { count = 1, contents =
	"XPCErrorDescription" => <string: 0x2d1583c> { length = 22, contents = "Connection interrupted" }
}>
